[0m02:11:46.108502 [debug] [MainThread]: Sending event: {'category': 'dbt', 'action': 'invocation', 'label': 'start', 'context': [<snowplow_tracker.self_describing_json.SelfDescribingJson object at 0x7fe8876b7910>, <snowplow_tracker.self_describing_json.SelfDescribingJson object at 0x7fe887cf5850>, <snowplow_tracker.self_describing_json.SelfDescribingJson object at 0x7fe8874f9ed0>]}


============================== 02:11:46.125493 | 6bffffe1-c83e-43bb-ac38-3c829680da20 ==============================
[0m02:11:46.125493 [info ] [MainThread]: Running with dbt=1.8.6
[0m02:11:46.126050 [debug] [MainThread]: running dbt with arguments {'printer_width': '80', 'indirect_selection': 'eager', 'write_json': 'True', 'log_cache_events': 'False', 'partial_parse': 'True', 'cache_selected_only': 'False', 'profiles_dir': '/home/nrsmac/.dbt', 'version_check': 'True', 'fail_fast': 'False', 'log_path': 'logs', 'debug': 'False', 'warn_error': 'None', 'use_colors': 'True', 'use_experimental_parser': 'False', 'empty': 'None', 'quiet': 'False', 'no_print': 'None', 'warn_error_options': 'WarnErrorOptions(include=[], exclude=[])', 'static_parser': 'True', 'invocation_command': 'dbt init canalyte-dbt', 'introspect': 'True', 'target_path': 'None', 'log_format': 'default', 'send_anonymous_usage_stats': 'True'}
[0m02:11:46.162201 [warn ] [MainThread]: [ConfigFolderDirectory]: Unable to parse dict {'dir': PosixPath('/home/nrsmac/.dbt')}
[0m02:11:46.162714 [info ] [MainThread]: Creating dbt configuration folder at 
[0m02:12:17.515604 [debug] [MainThread]: Starter project path: /home/nrsmac/cannlytics/.venv/lib/python3.11/site-packages/dbt/include/starter_project
[0m02:12:17.518693 [info ] [MainThread]: 
Your new dbt project "canalyte_dbt" was created!

For more information on how to configure the profiles.yml file,
please consult the dbt documentation here:

  https://docs.getdbt.com/docs/configure-your-profile

One more thing:

Need help? Don't hesitate to reach out to us via GitHub issues or on Slack:

  https://community.getdbt.com/

Happy modeling!

[0m02:12:17.519150 [info ] [MainThread]: Setting up your profile.
[0m02:12:17.519933 [error] [MainThread]: Encountered an error:
Runtime Error
  No adapters available. Learn how to install an adapter by going to https://docs.getdbt.com/docs/connect-adapters#install-using-the-cli
[0m02:12:17.520860 [debug] [MainThread]: Resource report: {"command_name": "init", "command_wall_clock_time": 31.455074, "process_user_time": 2.706514, "process_kernel_time": 0.190741, "process_mem_max_rss": "101840", "process_out_blocks": "32472", "command_success": false, "process_in_blocks": "0"}
[0m02:12:17.521418 [debug] [MainThread]: Command `dbt init` failed at 02:12:17.521289 after 31.46 seconds
[0m02:12:17.521894 [debug] [MainThread]: Sending event: {'category': 'dbt', 'action': 'invocation', 'label': 'end', 'context': [<snowplow_tracker.self_describing_json.SelfDescribingJson object at 0x7fe887502090>, <snowplow_tracker.self_describing_json.SelfDescribingJson object at 0x7fe88b219210>, <snowplow_tracker.self_describing_json.SelfDescribingJson object at 0x7fe88b0f1410>]}
[0m02:12:17.522396 [debug] [MainThread]: Flushing usage events
[0m02:13:03.568949 [debug] [MainThread]: Sending event: {'category': 'dbt', 'action': 'invocation', 'label': 'start', 'context': [<snowplow_tracker.self_describing_json.SelfDescribingJson object at 0x7f0372e61410>, <snowplow_tracker.self_describing_json.SelfDescribingJson object at 0x7f0372953510>, <snowplow_tracker.self_describing_json.SelfDescribingJson object at 0x7f0372e61450>]}


============================== 02:13:03.571528 | a939c37b-ea36-4dbe-88f1-3e908f808a84 ==============================
[0m02:13:03.571528 [info ] [MainThread]: Running with dbt=1.8.6
[0m02:13:03.572178 [debug] [MainThread]: running dbt with arguments {'printer_width': '80', 'indirect_selection': 'eager', 'log_cache_events': 'False', 'write_json': 'True', 'partial_parse': 'True', 'cache_selected_only': 'False', 'profiles_dir': '/home/nrsmac/.dbt', 'debug': 'False', 'warn_error': 'None', 'log_path': 'logs', 'version_check': 'True', 'fail_fast': 'False', 'use_colors': 'True', 'use_experimental_parser': 'False', 'no_print': 'None', 'quiet': 'False', 'empty': 'None', 'log_format': 'default', 'introspect': 'True', 'warn_error_options': 'WarnErrorOptions(include=[], exclude=[])', 'static_parser': 'True', 'target_path': 'None', 'invocation_command': 'dbt init canalyte-dbt', 'send_anonymous_usage_stats': 'True'}
[0m02:13:05.823577 [debug] [MainThread]: Starter project path: /home/nrsmac/cannlytics/.venv/lib/python3.11/site-packages/dbt/include/starter_project
[0m02:13:05.826641 [info ] [MainThread]: 
Your new dbt project "transformations" was created!

For more information on how to configure the profiles.yml file,
please consult the dbt documentation here:

  https://docs.getdbt.com/docs/configure-your-profile

One more thing:

Need help? Don't hesitate to reach out to us via GitHub issues or on Slack:

  https://community.getdbt.com/

Happy modeling!

[0m02:13:05.827110 [info ] [MainThread]: Setting up your profile.
[0m02:13:13.032053 [error] [MainThread]: Encountered an error:

[0m02:13:13.034194 [error] [MainThread]: Traceback (most recent call last):
  File "/home/nrsmac/cannlytics/.venv/lib/python3.11/site-packages/dbt/cli/requires.py", line 138, in wrapper
    result, success = func(*args, **kwargs)
                      ^^^^^^^^^^^^^^^^^^^^^
  File "/home/nrsmac/cannlytics/.venv/lib/python3.11/site-packages/dbt/cli/requires.py", line 101, in wrapper
    return func(*args, **kwargs)
           ^^^^^^^^^^^^^^^^^^^^^
  File "/home/nrsmac/cannlytics/.venv/lib/python3.11/site-packages/dbt/cli/main.py", line 470, in init
    results = task.run()
              ^^^^^^^^^^
  File "/home/nrsmac/cannlytics/.venv/lib/python3.11/site-packages/dbt/task/init.py", line 347, in run
    self.setup_profile(profile_name)
  File "/home/nrsmac/cannlytics/.venv/lib/python3.11/site-packages/dbt/task/init.py", line 263, in setup_profile
    self.create_profile_from_target(adapter, profile_name=profile_name)
  File "/home/nrsmac/cannlytics/.venv/lib/python3.11/site-packages/dbt/task/init.py", line 180, in create_profile_from_target
    self.create_profile_from_profile_template(profile_template, profile_name)
  File "/home/nrsmac/cannlytics/.venv/lib/python3.11/site-packages/dbt/task/init.py", line 164, in create_profile_from_profile_template
    target = self.generate_target_from_input(prompts, initial_target)
             ^^^^^^^^^^^^^^^^^^^^^^^^^^^^^^^^^^^^^^^^^^^^^^^^^^^^^^^^
  File "/home/nrsmac/cannlytics/.venv/lib/python3.11/site-packages/dbt/task/init.py", line 130, in generate_target_from_input
    target[key] = click.prompt(
                  ^^^^^^^^^^^^^
  File "/home/nrsmac/cannlytics/.venv/lib/python3.11/site-packages/click/termui.py", line 164, in prompt
    value = prompt_func(prompt)
            ^^^^^^^^^^^^^^^^^^^
  File "/home/nrsmac/cannlytics/.venv/lib/python3.11/site-packages/click/termui.py", line 147, in prompt_func
    raise Abort() from None
click.exceptions.Abort

[0m02:13:13.035238 [debug] [MainThread]: Resource report: {"command_name": "init", "command_wall_clock_time": 9.511215, "process_user_time": 1.529437, "process_kernel_time": 0.139402, "process_mem_max_rss": "95244", "process_out_blocks": "424", "command_success": false, "process_in_blocks": "0"}
[0m02:13:13.035829 [debug] [MainThread]: Command `dbt init` failed at 02:13:13.035716 after 9.51 seconds
[0m02:13:13.036217 [debug] [MainThread]: Sending event: {'category': 'dbt', 'action': 'invocation', 'label': 'end', 'context': [<snowplow_tracker.self_describing_json.SelfDescribingJson object at 0x7f0372a250d0>, <snowplow_tracker.self_describing_json.SelfDescribingJson object at 0x7f03729a6710>, <snowplow_tracker.self_describing_json.SelfDescribingJson object at 0x7f037643d2d0>]}
[0m02:13:13.036658 [debug] [MainThread]: Flushing usage events
[0m02:14:27.661193 [debug] [MainThread]: Sending event: {'category': 'dbt', 'action': 'invocation', 'label': 'start', 'context': [<snowplow_tracker.self_describing_json.SelfDescribingJson object at 0x7f0f94333350>, <snowplow_tracker.self_describing_json.SelfDescribingJson object at 0x7f0f94331e50>, <snowplow_tracker.self_describing_json.SelfDescribingJson object at 0x7f0f94385e50>]}


============================== 02:14:27.663994 | f01c348b-2f33-4a01-8099-13ad1b7af415 ==============================
[0m02:14:27.663994 [info ] [MainThread]: Running with dbt=1.8.6
[0m02:14:27.664583 [debug] [MainThread]: running dbt with arguments {'printer_width': '80', 'indirect_selection': 'eager', 'log_cache_events': 'False', 'write_json': 'True', 'partial_parse': 'True', 'cache_selected_only': 'False', 'profiles_dir': '/home/nrsmac/.dbt', 'debug': 'False', 'warn_error': 'None', 'log_path': 'logs', 'fail_fast': 'False', 'version_check': 'True', 'use_colors': 'True', 'use_experimental_parser': 'False', 'no_print': 'None', 'quiet': 'False', 'empty': 'None', 'log_format': 'default', 'introspect': 'True', 'static_parser': 'True', 'warn_error_options': 'WarnErrorOptions(include=[], exclude=[])', 'target_path': 'None', 'invocation_command': 'dbt init transformations', 'send_anonymous_usage_stats': 'True'}
[0m02:14:27.673208 [info ] [MainThread]: A project called transformations already exists here.
[0m02:14:27.674096 [debug] [MainThread]: Resource report: {"command_name": "init", "command_success": true, "command_wall_clock_time": 0.05770728, "process_user_time": 1.457302, "process_kernel_time": 0.143841, "process_mem_max_rss": "90216", "process_out_blocks": "16", "process_in_blocks": "0"}
[0m02:14:27.674663 [debug] [MainThread]: Command `dbt init` succeeded at 02:14:27.674538 after 0.06 seconds
[0m02:14:27.675125 [debug] [MainThread]: Sending event: {'category': 'dbt', 'action': 'invocation', 'label': 'end', 'context': [<snowplow_tracker.self_describing_json.SelfDescribingJson object at 0x7f0f96181450>, <snowplow_tracker.self_describing_json.SelfDescribingJson object at 0x7f0f97d067d0>, <snowplow_tracker.self_describing_json.SelfDescribingJson object at 0x7f0f97e40910>]}
[0m02:14:27.675545 [debug] [MainThread]: Flushing usage events
[0m02:14:34.940902 [debug] [MainThread]: Sending event: {'category': 'dbt', 'action': 'invocation', 'label': 'start', 'context': [<snowplow_tracker.self_describing_json.SelfDescribingJson object at 0x7fae79759e50>, <snowplow_tracker.self_describing_json.SelfDescribingJson object at 0x7fae7974f590>, <snowplow_tracker.self_describing_json.SelfDescribingJson object at 0x7fae79759d50>]}


============================== 02:14:34.943455 | 5d64359e-02cf-44ec-9e07-692d37f28f2b ==============================
[0m02:14:34.943455 [info ] [MainThread]: Running with dbt=1.8.6
[0m02:14:34.944047 [debug] [MainThread]: running dbt with arguments {'printer_width': '80', 'indirect_selection': 'eager', 'log_cache_events': 'False', 'write_json': 'True', 'partial_parse': 'True', 'cache_selected_only': 'False', 'profiles_dir': '/home/nrsmac/.dbt', 'version_check': 'True', 'fail_fast': 'False', 'log_path': 'logs', 'debug': 'False', 'warn_error': 'None', 'use_colors': 'True', 'use_experimental_parser': 'False', 'no_print': 'None', 'quiet': 'False', 'empty': 'None', 'warn_error_options': 'WarnErrorOptions(include=[], exclude=[])', 'invocation_command': 'dbt init transformations', 'log_format': 'default', 'introspect': 'True', 'target_path': 'None', 'static_parser': 'True', 'send_anonymous_usage_stats': 'True'}
[0m02:14:34.952804 [debug] [MainThread]: Starter project path: /home/nrsmac/cannlytics/.venv/lib/python3.11/site-packages/dbt/include/starter_project
[0m02:14:34.955772 [info ] [MainThread]: 
Your new dbt project "transformations" was created!

For more information on how to configure the profiles.yml file,
please consult the dbt documentation here:

  https://docs.getdbt.com/docs/configure-your-profile

One more thing:

Need help? Don't hesitate to reach out to us via GitHub issues or on Slack:

  https://community.getdbt.com/

Happy modeling!

[0m02:14:34.956192 [info ] [MainThread]: Setting up your profile.
[0m02:15:01.073334 [error] [MainThread]: Encountered an error:

[0m02:15:01.075394 [error] [MainThread]: Traceback (most recent call last):
  File "/home/nrsmac/cannlytics/.venv/lib/python3.11/site-packages/dbt/cli/requires.py", line 138, in wrapper
    result, success = func(*args, **kwargs)
                      ^^^^^^^^^^^^^^^^^^^^^
  File "/home/nrsmac/cannlytics/.venv/lib/python3.11/site-packages/dbt/cli/requires.py", line 101, in wrapper
    return func(*args, **kwargs)
           ^^^^^^^^^^^^^^^^^^^^^
  File "/home/nrsmac/cannlytics/.venv/lib/python3.11/site-packages/dbt/cli/main.py", line 470, in init
    results = task.run()
              ^^^^^^^^^^
  File "/home/nrsmac/cannlytics/.venv/lib/python3.11/site-packages/dbt/task/init.py", line 347, in run
    self.setup_profile(profile_name)
  File "/home/nrsmac/cannlytics/.venv/lib/python3.11/site-packages/dbt/task/init.py", line 263, in setup_profile
    self.create_profile_from_target(adapter, profile_name=profile_name)
  File "/home/nrsmac/cannlytics/.venv/lib/python3.11/site-packages/dbt/task/init.py", line 180, in create_profile_from_target
    self.create_profile_from_profile_template(profile_template, profile_name)
  File "/home/nrsmac/cannlytics/.venv/lib/python3.11/site-packages/dbt/task/init.py", line 164, in create_profile_from_profile_template
    target = self.generate_target_from_input(prompts, initial_target)
             ^^^^^^^^^^^^^^^^^^^^^^^^^^^^^^^^^^^^^^^^^^^^^^^^^^^^^^^^
  File "/home/nrsmac/cannlytics/.venv/lib/python3.11/site-packages/dbt/task/init.py", line 130, in generate_target_from_input
    target[key] = click.prompt(
                  ^^^^^^^^^^^^^
  File "/home/nrsmac/cannlytics/.venv/lib/python3.11/site-packages/click/termui.py", line 164, in prompt
    value = prompt_func(prompt)
            ^^^^^^^^^^^^^^^^^^^
  File "/home/nrsmac/cannlytics/.venv/lib/python3.11/site-packages/click/termui.py", line 147, in prompt_func
    raise Abort() from None
click.exceptions.Abort

[0m02:15:01.076320 [debug] [MainThread]: Resource report: {"command_name": "init", "command_wall_clock_time": 26.17911, "process_user_time": 1.473921, "process_kernel_time": 0.15079, "process_mem_max_rss": "94496", "process_out_blocks": "72", "command_success": false, "process_in_blocks": "0"}
[0m02:15:01.076883 [debug] [MainThread]: Command `dbt init` failed at 02:15:01.076784 after 26.18 seconds
[0m02:15:01.077276 [debug] [MainThread]: Sending event: {'category': 'dbt', 'action': 'invocation', 'label': 'end', 'context': [<snowplow_tracker.self_describing_json.SelfDescribingJson object at 0x7fae79740250>, <snowplow_tracker.self_describing_json.SelfDescribingJson object at 0x7fae797dd490>, <snowplow_tracker.self_describing_json.SelfDescribingJson object at 0x7fae7d215250>]}
[0m02:15:01.077709 [debug] [MainThread]: Flushing usage events
[0m02:16:24.349664 [debug] [MainThread]: Sending event: {'category': 'dbt', 'action': 'invocation', 'label': 'start', 'context': [<snowplow_tracker.self_describing_json.SelfDescribingJson object at 0x7f29bd0d5dd0>, <snowplow_tracker.self_describing_json.SelfDescribingJson object at 0x7f29bd0cb590>, <snowplow_tracker.self_describing_json.SelfDescribingJson object at 0x7f29bd0c4210>]}


============================== 02:16:24.352193 | a2b6a5ab-f525-4d8c-9f5d-5d5349350703 ==============================
[0m02:16:24.352193 [info ] [MainThread]: Running with dbt=1.8.6
[0m02:16:24.352724 [debug] [MainThread]: running dbt with arguments {'printer_width': '80', 'indirect_selection': 'eager', 'log_cache_events': 'False', 'write_json': 'True', 'partial_parse': 'True', 'cache_selected_only': 'False', 'warn_error': 'None', 'version_check': 'True', 'fail_fast': 'False', 'log_path': 'logs', 'profiles_dir': '/home/nrsmac/.dbt', 'debug': 'False', 'use_colors': 'True', 'use_experimental_parser': 'False', 'empty': 'None', 'quiet': 'False', 'no_print': 'None', 'warn_error_options': 'WarnErrorOptions(include=[], exclude=[])', 'invocation_command': 'dbt init transformations', 'log_format': 'default', 'static_parser': 'True', 'target_path': 'None', 'introspect': 'True', 'send_anonymous_usage_stats': 'True'}
[0m02:16:24.361506 [debug] [MainThread]: Starter project path: /home/nrsmac/cannlytics/.venv/lib/python3.11/site-packages/dbt/include/starter_project
[0m02:16:24.364455 [info ] [MainThread]: 
Your new dbt project "transformations" was created!

For more information on how to configure the profiles.yml file,
please consult the dbt documentation here:

  https://docs.getdbt.com/docs/configure-your-profile

One more thing:

Need help? Don't hesitate to reach out to us via GitHub issues or on Slack:

  https://community.getdbt.com/

Happy modeling!

[0m02:16:24.364878 [info ] [MainThread]: Setting up your profile.
[0m02:16:55.104148 [info ] [MainThread]: Profile transformations written to /home/nrsmac/.dbt/profiles.yml using target's profile_template.yml and your supplied values. Run 'dbt debug' to validate the connection.
[0m02:16:55.105090 [debug] [MainThread]: Resource report: {"command_name": "init", "command_success": true, "command_wall_clock_time": 30.799282, "process_user_time": 1.530401, "process_kernel_time": 0.108446, "process_mem_max_rss": "94484", "process_out_blocks": "80", "process_in_blocks": "0"}
[0m02:16:55.105646 [debug] [MainThread]: Command `dbt init` succeeded at 02:16:55.105541 after 30.80 seconds
[0m02:16:55.106015 [debug] [MainThread]: Sending event: {'category': 'dbt', 'action': 'invocation', 'label': 'end', 'context': [<snowplow_tracker.self_describing_json.SelfDescribingJson object at 0x7f29bd0d4050>, <snowplow_tracker.self_describing_json.SelfDescribingJson object at 0x7f29c0a5e950>, <snowplow_tracker.self_describing_json.SelfDescribingJson object at 0x7f29c0b99590>]}
[0m02:16:55.106389 [debug] [MainThread]: Flushing usage events
[0m02:18:40.078693 [debug] [MainThread]: Sending event: {'category': 'dbt', 'action': 'invocation', 'label': 'start', 'context': [<snowplow_tracker.self_describing_json.SelfDescribingJson object at 0x7fbad88e6810>, <snowplow_tracker.self_describing_json.SelfDescribingJson object at 0x7fbad88e5d10>, <snowplow_tracker.self_describing_json.SelfDescribingJson object at 0x7fbad88e5b10>]}


============================== 02:18:40.081311 | e3aaadd8-4dcf-43cb-9288-a046c090aca0 ==============================
[0m02:18:40.081311 [info ] [MainThread]: Running with dbt=1.8.6
[0m02:18:40.081978 [debug] [MainThread]: running dbt with arguments {'printer_width': '80', 'indirect_selection': 'eager', 'write_json': 'True', 'log_cache_events': 'False', 'partial_parse': 'True', 'cache_selected_only': 'False', 'warn_error': 'None', 'version_check': 'True', 'profiles_dir': '/home/nrsmac/.dbt', 'log_path': 'logs', 'debug': 'False', 'fail_fast': 'False', 'use_colors': 'True', 'use_experimental_parser': 'False', 'no_print': 'None', 'quiet': 'False', 'empty': 'None', 'warn_error_options': 'WarnErrorOptions(include=[], exclude=[])', 'introspect': 'True', 'static_parser': 'True', 'log_format': 'default', 'target_path': 'None', 'invocation_command': 'dbt init transformations', 'send_anonymous_usage_stats': 'True'}
[0m02:18:40.090764 [debug] [MainThread]: Starter project path: /home/nrsmac/cannlytics/.venv/lib/python3.11/site-packages/dbt/include/starter_project
[0m02:18:40.093984 [info ] [MainThread]: 
Your new dbt project "transformations" was created!

For more information on how to configure the profiles.yml file,
please consult the dbt documentation here:

  https://docs.getdbt.com/docs/configure-your-profile

One more thing:

Need help? Don't hesitate to reach out to us via GitHub issues or on Slack:

  https://community.getdbt.com/

Happy modeling!

[0m02:18:40.094485 [info ] [MainThread]: Setting up your profile.
[0m02:18:45.575083 [debug] [MainThread]: Resource report: {"command_name": "init", "command_success": true, "command_wall_clock_time": 5.540335, "process_user_time": 1.547974, "process_kernel_time": 0.115833, "process_mem_max_rss": "118872", "process_out_blocks": "360", "process_in_blocks": "0"}
[0m02:18:45.575714 [debug] [MainThread]: Command `dbt init` succeeded at 02:18:45.575595 after 5.54 seconds
[0m02:18:45.576114 [debug] [MainThread]: Sending event: {'category': 'dbt', 'action': 'invocation', 'label': 'end', 'context': [<snowplow_tracker.self_describing_json.SelfDescribingJson object at 0x7fbadc2fc7d0>, <snowplow_tracker.self_describing_json.SelfDescribingJson object at 0x7fbadc38dfd0>, <snowplow_tracker.self_describing_json.SelfDescribingJson object at 0x7fbadc38d250>]}
[0m02:18:45.576537 [debug] [MainThread]: Flushing usage events
[0m02:35:43.641210 [debug] [MainThread]: Sending event: {'category': 'dbt', 'action': 'invocation', 'label': 'start', 'context': [<snowplow_tracker.self_describing_json.SelfDescribingJson object at 0x7f0062b41f10>, <snowplow_tracker.self_describing_json.SelfDescribingJson object at 0x7f0062b37b10>, <snowplow_tracker.self_describing_json.SelfDescribingJson object at 0x7f0062b35610>]}


============================== 02:35:43.643743 | cd9c8623-ecb8-4fdd-a88a-a2eb4fecc212 ==============================
[0m02:35:43.643743 [info ] [MainThread]: Running with dbt=1.8.6
[0m02:35:43.644367 [debug] [MainThread]: running dbt with arguments {'printer_width': '80', 'indirect_selection': 'eager', 'log_cache_events': 'False', 'write_json': 'True', 'partial_parse': 'True', 'cache_selected_only': 'False', 'warn_error': 'None', 'fail_fast': 'False', 'profiles_dir': '/home/nrsmac/.dbt', 'log_path': 'logs', 'version_check': 'True', 'debug': 'False', 'use_colors': 'True', 'use_experimental_parser': 'False', 'no_print': 'None', 'quiet': 'False', 'empty': 'None', 'log_format': 'default', 'introspect': 'True', 'static_parser': 'True', 'invocation_command': 'dbt debug', 'target_path': 'None', 'warn_error_options': 'WarnErrorOptions(include=[], exclude=[])', 'send_anonymous_usage_stats': 'True'}
[0m02:35:43.656024 [info ] [MainThread]: dbt version: 1.8.6
[0m02:35:43.656496 [info ] [MainThread]: python version: 3.11.10
[0m02:35:43.656890 [info ] [MainThread]: python path: /home/nrsmac/cannlytics/.venv/bin/python
[0m02:35:43.657277 [info ] [MainThread]: os info: Linux-5.15.0-121-generic-x86_64-with-glibc2.35
[0m02:35:43.745357 [info ] [MainThread]: Using profiles dir at /home/nrsmac/.dbt
[0m02:35:43.745845 [info ] [MainThread]: Using profiles.yml file at /home/nrsmac/.dbt/profiles.yml
[0m02:35:43.746252 [info ] [MainThread]: Using dbt_project.yml file at /home/nrsmac/cannlytics/dbt_project.yml
[0m02:35:43.748592 [info ] [MainThread]: adapter type: duckdb
[0m02:35:43.748978 [info ] [MainThread]: adapter version: 1.8.3
[0m02:35:43.749350 [info ] [MainThread]: Configuration:
[0m02:35:43.749736 [info ] [MainThread]:   profiles.yml file [[32mOK found and valid[0m]
[0m02:35:43.750096 [info ] [MainThread]:   dbt_project.yml file [[31mERROR not found[0m]
[0m02:35:43.750458 [info ] [MainThread]: Required dependencies:
[0m02:35:43.750846 [debug] [MainThread]: Executing "git --help"
[0m02:35:43.752683 [debug] [MainThread]: STDOUT: "b"usage: git [--version] [--help] [-C <path>] [-c <name>=<value>]\n           [--exec-path[=<path>]] [--html-path] [--man-path] [--info-path]\n           [-p | --paginate | -P | --no-pager] [--no-replace-objects] [--bare]\n           [--git-dir=<path>] [--work-tree=<path>] [--namespace=<name>]\n           [--super-prefix=<path>] [--config-env=<name>=<envvar>]\n           <command> [<args>]\n\nThese are common Git commands used in various situations:\n\nstart a working area (see also: git help tutorial)\n   clone     Clone a repository into a new directory\n   init      Create an empty Git repository or reinitialize an existing one\n\nwork on the current change (see also: git help everyday)\n   add       Add file contents to the index\n   mv        Move or rename a file, a directory, or a symlink\n   restore   Restore working tree files\n   rm        Remove files from the working tree and from the index\n\nexamine the history and state (see also: git help revisions)\n   bisect    Use binary search to find the commit that introduced a bug\n   diff      Show changes between commits, commit and working tree, etc\n   grep      Print lines matching a pattern\n   log       Show commit logs\n   show      Show various types of objects\n   status    Show the working tree status\n\ngrow, mark and tweak your common history\n   branch    List, create, or delete branches\n   commit    Record changes to the repository\n   merge     Join two or more development histories together\n   rebase    Reapply commits on top of another base tip\n   reset     Reset current HEAD to the specified state\n   switch    Switch branches\n   tag       Create, list, delete or verify a tag object signed with GPG\n\ncollaborate (see also: git help workflows)\n   fetch     Download objects and refs from another repository\n   pull      Fetch from and integrate with another repository or a local branch\n   push      Update remote refs along with associated objects\n\n'git help -a' and 'git help -g' list available subcommands and some\nconcept guides. See 'git help <command>' or 'git help <concept>'\nto read about a specific subcommand or concept.\nSee 'git help git' for an overview of the system.\n""
[0m02:35:43.753087 [debug] [MainThread]: STDERR: "b''"
[0m02:35:43.753448 [info ] [MainThread]:  - git [[32mOK found[0m]

[0m02:35:43.753824 [info ] [MainThread]: Connection:
[0m02:35:43.754220 [info ] [MainThread]:   database: dev
[0m02:35:43.754616 [info ] [MainThread]:   schema: main
[0m02:35:43.754980 [info ] [MainThread]:   path: dev.duckdb
[0m02:35:43.755340 [info ] [MainThread]:   config_options: None
[0m02:35:43.755708 [info ] [MainThread]:   extensions: None
[0m02:35:43.756073 [info ] [MainThread]:   settings: {}
[0m02:35:43.756493 [info ] [MainThread]:   external_root: .
[0m02:35:43.756893 [info ] [MainThread]:   use_credential_provider: None
[0m02:35:43.757281 [info ] [MainThread]:   attach: None
[0m02:35:43.757678 [info ] [MainThread]:   filesystems: None
[0m02:35:43.758048 [info ] [MainThread]:   remote: None
[0m02:35:43.758428 [info ] [MainThread]:   plugins: None
[0m02:35:43.758814 [info ] [MainThread]:   disable_transactions: False
[0m02:35:43.759345 [info ] [MainThread]: Registered adapter: duckdb=1.8.3
[0m02:35:43.760708 [debug] [MainThread]: Acquiring new duckdb connection 'debug'
[0m02:35:43.805461 [debug] [MainThread]: Using duckdb connection "debug"
[0m02:35:43.805864 [debug] [MainThread]: On debug: select 1 as id
[0m02:35:43.806228 [debug] [MainThread]: Opening a new connection, currently in state init
[0m02:35:43.818199 [debug] [MainThread]: SQL status: OK in 0.012 seconds
[0m02:35:43.819273 [debug] [MainThread]: On debug: Close
[0m02:35:43.820836 [info ] [MainThread]:   Connection test: [[32mOK connection ok[0m]

[0m02:35:43.821251 [info ] [MainThread]: [31m1 check failed:[0m
[0m02:35:43.821633 [info ] [MainThread]: Project loading failed for the following reason:
 project path </home/nrsmac/cannlytics/dbt_project.yml> not found

[0m02:35:43.822459 [debug] [MainThread]: Resource report: {"command_name": "debug", "command_wall_clock_time": 0.2255751, "process_user_time": 1.316821, "process_kernel_time": 0.108059, "process_mem_max_rss": "127468", "process_out_blocks": "384", "command_success": false, "process_in_blocks": "0"}
[0m02:35:43.823016 [debug] [MainThread]: Command `dbt debug` failed at 02:35:43.822916 after 0.23 seconds
[0m02:35:43.823414 [debug] [MainThread]: Connection 'debug' was properly closed.
[0m02:35:43.823802 [debug] [MainThread]: Sending event: {'category': 'dbt', 'action': 'invocation', 'label': 'end', 'context': [<snowplow_tracker.self_describing_json.SelfDescribingJson object at 0x7f0062b42750>, <snowplow_tracker.self_describing_json.SelfDescribingJson object at 0x7f0062a0aed0>, <snowplow_tracker.self_describing_json.SelfDescribingJson object at 0x7f0062b35e10>]}
[0m02:35:43.824205 [debug] [MainThread]: Flushing usage events
[0m01:38:12.404211 [debug] [MainThread]: Sending event: {'category': 'dbt', 'action': 'invocation', 'label': 'start', 'context': [<snowplow_tracker.self_describing_json.SelfDescribingJson object at 0x7fcc40b0e210>, <snowplow_tracker.self_describing_json.SelfDescribingJson object at 0x7fcc407afb10>, <snowplow_tracker.self_describing_json.SelfDescribingJson object at 0x7fcc407b3e50>]}


============================== 01:38:12.411051 | 4ba37d4c-fd62-4574-bf1b-fce8df734a92 ==============================
[0m01:38:12.411051 [info ] [MainThread]: Running with dbt=1.8.6
[0m01:38:12.411925 [debug] [MainThread]: running dbt with arguments {'printer_width': '80', 'indirect_selection': 'eager', 'write_json': 'True', 'log_cache_events': 'False', 'partial_parse': 'True', 'cache_selected_only': 'False', 'warn_error': 'None', 'debug': 'False', 'version_check': 'True', 'log_path': 'logs', 'fail_fast': 'False', 'profiles_dir': '/home/nrsmac/.dbt', 'use_colors': 'True', 'use_experimental_parser': 'False', 'no_print': 'None', 'quiet': 'False', 'empty': 'False', 'log_format': 'default', 'introspect': 'True', 'warn_error_options': 'WarnErrorOptions(include=[], exclude=[])', 'static_parser': 'True', 'target_path': 'None', 'invocation_command': 'dbt run', 'send_anonymous_usage_stats': 'True'}
[0m01:38:12.412472 [error] [MainThread]: Encountered an error:
Runtime Error
  No dbt_project.yml found at expected path /home/nrsmac/cannlytics/dbt_project.yml
  Verify that each entry within packages.yml (and their transitive dependencies) contains a file named dbt_project.yml
  
[0m01:38:12.413335 [debug] [MainThread]: Resource report: {"command_name": "run", "command_wall_clock_time": 0.0526895, "process_user_time": 1.129541, "process_kernel_time": 0.107539, "process_mem_max_rss": "89580", "process_in_blocks": "16", "process_out_blocks": "16", "command_success": false}
[0m01:38:12.413909 [debug] [MainThread]: Command `dbt run` failed at 01:38:12.413791 after 0.05 seconds
[0m01:38:12.414358 [debug] [MainThread]: Sending event: {'category': 'dbt', 'action': 'invocation', 'label': 'end', 'context': [<snowplow_tracker.self_describing_json.SelfDescribingJson object at 0x7fcc407afed0>, <snowplow_tracker.self_describing_json.SelfDescribingJson object at 0x7fcc40b0e210>, <snowplow_tracker.self_describing_json.SelfDescribingJson object at 0x7fcc44256910>]}
[0m01:38:12.414797 [debug] [MainThread]: Flushing usage events
[0m01:38:39.084483 [debug] [MainThread]: Sending event: {'category': 'dbt', 'action': 'invocation', 'label': 'start', 'context': [<snowplow_tracker.self_describing_json.SelfDescribingJson object at 0x7f50c2eeaa90>, <snowplow_tracker.self_describing_json.SelfDescribingJson object at 0x7f50c2f10750>, <snowplow_tracker.self_describing_json.SelfDescribingJson object at 0x7f50c2f10190>]}


============================== 01:38:39.087095 | dbbbb9f4-e26a-44b3-bb65-a48e235b7e40 ==============================
[0m01:38:39.087095 [info ] [MainThread]: Running with dbt=1.8.6
[0m01:38:39.087724 [debug] [MainThread]: running dbt with arguments {'printer_width': '80', 'indirect_selection': 'eager', 'log_cache_events': 'False', 'write_json': 'True', 'partial_parse': 'True', 'cache_selected_only': 'False', 'profiles_dir': '/home/nrsmac/.dbt', 'fail_fast': 'False', 'version_check': 'True', 'log_path': 'logs', 'warn_error': 'None', 'debug': 'False', 'use_colors': 'True', 'use_experimental_parser': 'False', 'empty': 'False', 'quiet': 'False', 'no_print': 'None', 'warn_error_options': 'WarnErrorOptions(include=[], exclude=[])', 'introspect': 'True', 'static_parser': 'True', 'log_format': 'default', 'target_path': 'None', 'invocation_command': 'dbt run', 'send_anonymous_usage_stats': 'True'}
[0m01:38:39.088252 [error] [MainThread]: Encountered an error:
Runtime Error
  No dbt_project.yml found at expected path /home/nrsmac/cannlytics/dbt_project.yml
  Verify that each entry within packages.yml (and their transitive dependencies) contains a file named dbt_project.yml
  
[0m01:38:39.089115 [debug] [MainThread]: Resource report: {"command_name": "run", "command_wall_clock_time": 0.048791006, "process_user_time": 1.491678, "process_kernel_time": 0.107932, "process_mem_max_rss": "89820", "process_out_blocks": "8", "command_success": false, "process_in_blocks": "0"}
[0m01:38:39.089719 [debug] [MainThread]: Command `dbt run` failed at 01:38:39.089575 after 0.05 seconds
[0m01:38:39.090146 [debug] [MainThread]: Sending event: {'category': 'dbt', 'action': 'invocation', 'label': 'end', 'context': [<snowplow_tracker.self_describing_json.SelfDescribingJson object at 0x7f50c10bc890>, <snowplow_tracker.self_describing_json.SelfDescribingJson object at 0x7f50c1124190>, <snowplow_tracker.self_describing_json.SelfDescribingJson object at 0x7f50c1124650>]}
[0m01:38:39.090605 [debug] [MainThread]: Flushing usage events
[0m02:03:52.689351 [debug] [MainThread]: Sending event: {'category': 'dbt', 'action': 'invocation', 'label': 'start', 'context': [<snowplow_tracker.self_describing_json.SelfDescribingJson object at 0x7f68b9f53c10>, <snowplow_tracker.self_describing_json.SelfDescribingJson object at 0x7f68b9f5a2d0>, <snowplow_tracker.self_describing_json.SelfDescribingJson object at 0x7f68b9f5a250>]}


============================== 02:03:52.691938 | 2421e346-01c1-46ee-bdaa-6eb12545d963 ==============================
[0m02:03:52.691938 [info ] [MainThread]: Running with dbt=1.8.6
[0m02:03:52.692611 [debug] [MainThread]: running dbt with arguments {'printer_width': '80', 'indirect_selection': 'eager', 'log_cache_events': 'False', 'write_json': 'True', 'partial_parse': 'True', 'cache_selected_only': 'False', 'profiles_dir': '/home/nrsmac/.dbt', 'fail_fast': 'False', 'warn_error': 'None', 'log_path': 'logs', 'debug': 'False', 'version_check': 'True', 'use_colors': 'True', 'use_experimental_parser': 'False', 'no_print': 'None', 'quiet': 'False', 'empty': 'False', 'warn_error_options': 'WarnErrorOptions(include=[], exclude=[])', 'introspect': 'True', 'log_format': 'default', 'invocation_command': 'dbt run', 'target_path': 'None', 'static_parser': 'True', 'send_anonymous_usage_stats': 'True'}
[0m02:03:52.693116 [error] [MainThread]: Encountered an error:
Runtime Error
  No dbt_project.yml found at expected path /home/nrsmac/cannlytics/dbt_project.yml
  Verify that each entry within packages.yml (and their transitive dependencies) contains a file named dbt_project.yml
  
[0m02:03:52.694054 [debug] [MainThread]: Resource report: {"command_name": "run", "command_wall_clock_time": 0.049189173, "process_user_time": 1.177719, "process_kernel_time": 0.09615, "process_mem_max_rss": "89844", "process_out_blocks": "8", "command_success": false, "process_in_blocks": "0"}
[0m02:03:52.694659 [debug] [MainThread]: Command `dbt run` failed at 02:03:52.694540 after 0.05 seconds
[0m02:03:52.695059 [debug] [MainThread]: Sending event: {'category': 'dbt', 'action': 'invocation', 'label': 'end', 'context': [<snowplow_tracker.self_describing_json.SelfDescribingJson object at 0x7f68b9f5a490>, <snowplow_tracker.self_describing_json.SelfDescribingJson object at 0x7f68bda1e550>, <snowplow_tracker.self_describing_json.SelfDescribingJson object at 0x7f68bda1f210>]}
[0m02:03:52.695509 [debug] [MainThread]: Flushing usage events
[0m01:58:32.860956 [debug] [MainThread]: Sending event: {'category': 'dbt', 'action': 'invocation', 'label': 'start', 'context': [<snowplow_tracker.self_describing_json.SelfDescribingJson object at 0x7f9aef5b65d0>, <snowplow_tracker.self_describing_json.SelfDescribingJson object at 0x7f9aef5b4690>, <snowplow_tracker.self_describing_json.SelfDescribingJson object at 0x7f9aef5b6590>]}


============================== 01:58:32.863420 | ae948dfd-06c5-414a-bbce-3366b2442de7 ==============================
[0m01:58:32.863420 [info ] [MainThread]: Running with dbt=1.8.6
[0m01:58:32.863991 [debug] [MainThread]: running dbt with arguments {'printer_width': '80', 'indirect_selection': 'eager', 'log_cache_events': 'False', 'write_json': 'True', 'partial_parse': 'True', 'cache_selected_only': 'False', 'profiles_dir': '/home/nrsmac/.dbt', 'debug': 'False', 'fail_fast': 'False', 'log_path': 'logs', 'version_check': 'True', 'warn_error': 'None', 'use_colors': 'True', 'use_experimental_parser': 'False', 'empty': 'False', 'quiet': 'False', 'no_print': 'None', 'log_format': 'default', 'static_parser': 'True', 'warn_error_options': 'WarnErrorOptions(include=[], exclude=[])', 'invocation_command': 'dbt compile', 'target_path': 'None', 'introspect': 'True', 'send_anonymous_usage_stats': 'True'}
[0m01:58:32.864468 [error] [MainThread]: Encountered an error:
Runtime Error
  No dbt_project.yml found at expected path /home/nrsmac/cannlytics/dbt_project.yml
  Verify that each entry within packages.yml (and their transitive dependencies) contains a file named dbt_project.yml
  
[0m01:58:32.865257 [debug] [MainThread]: Resource report: {"command_name": "compile", "command_wall_clock_time": 0.048023514, "process_user_time": 1.154741, "process_kernel_time": 0.083892, "process_mem_max_rss": "89816", "process_out_blocks": "16", "command_success": false, "process_in_blocks": "0"}
[0m01:58:32.865790 [debug] [MainThread]: Command `dbt compile` failed at 01:58:32.865672 after 0.05 seconds
[0m01:58:32.866237 [debug] [MainThread]: Sending event: {'category': 'dbt', 'action': 'invocation', 'label': 'end', 'context': [<snowplow_tracker.self_describing_json.SelfDescribingJson object at 0x7f9aef56a990>, <snowplow_tracker.self_describing_json.SelfDescribingJson object at 0x7f9aef56b910>, <snowplow_tracker.self_describing_json.SelfDescribingJson object at 0x7f9af307a990>]}
[0m01:58:32.866626 [debug] [MainThread]: Flushing usage events
[0m04:05:38.909439 [debug] [MainThread]: Sending event: {'category': 'dbt', 'action': 'invocation', 'label': 'start', 'context': [<snowplow_tracker.self_describing_json.SelfDescribingJson object at 0x7fe8b2175b50>, <snowplow_tracker.self_describing_json.SelfDescribingJson object at 0x7fe8b21fd090>, <snowplow_tracker.self_describing_json.SelfDescribingJson object at 0x7fe8b2166d90>]}


============================== 04:05:38.912170 | 97e28a4f-70f0-42fc-ab13-0fc8fbb1cf3d ==============================
[0m04:05:38.912170 [info ] [MainThread]: Running with dbt=1.8.6
[0m04:05:38.912857 [debug] [MainThread]: running dbt with arguments {'printer_width': '80', 'indirect_selection': 'eager', 'write_json': 'True', 'log_cache_events': 'False', 'partial_parse': 'True', 'cache_selected_only': 'False', 'profiles_dir': '/home/nrsmac/.dbt', 'debug': 'False', 'version_check': 'True', 'log_path': 'logs', 'fail_fast': 'False', 'warn_error': 'None', 'use_colors': 'True', 'use_experimental_parser': 'False', 'no_print': 'None', 'quiet': 'False', 'empty': 'None', 'log_format': 'default', 'introspect': 'True', 'invocation_command': 'dbt deps', 'warn_error_options': 'WarnErrorOptions(include=[], exclude=[])', 'target_path': 'None', 'static_parser': 'True', 'send_anonymous_usage_stats': 'True'}
[0m04:05:38.913476 [error] [MainThread]: Encountered an error:
Runtime Error
  No dbt_project.yml found at expected path /home/nrsmac/cannlytics/dbt_project.yml
  Verify that each entry within packages.yml (and their transitive dependencies) contains a file named dbt_project.yml
  
[0m04:05:38.914388 [debug] [MainThread]: Resource report: {"command_name": "deps", "command_wall_clock_time": 0.0494428, "process_user_time": 1.163912, "process_kernel_time": 0.099657, "process_mem_max_rss": "89996", "process_out_blocks": "8", "command_success": false, "process_in_blocks": "0"}
[0m04:05:38.914945 [debug] [MainThread]: Command `dbt deps` failed at 04:05:38.914838 after 0.05 seconds
[0m04:05:38.915336 [debug] [MainThread]: Sending event: {'category': 'dbt', 'action': 'invocation', 'label': 'end', 'context': [<snowplow_tracker.self_describing_json.SelfDescribingJson object at 0x7fe8b2176210>, <snowplow_tracker.self_describing_json.SelfDescribingJson object at 0x7fe8b2174410>, <snowplow_tracker.self_describing_json.SelfDescribingJson object at 0x7fe8b211fdd0>]}
[0m04:05:38.915764 [debug] [MainThread]: Flushing usage events
[0m04:23:11.403836 [debug] [MainThread]: Sending event: {'category': 'dbt', 'action': 'invocation', 'label': 'start', 'context': [<snowplow_tracker.self_describing_json.SelfDescribingJson object at 0x7f5e1a6c0710>, <snowplow_tracker.self_describing_json.SelfDescribingJson object at 0x7f5e1a6baed0>, <snowplow_tracker.self_describing_json.SelfDescribingJson object at 0x7f5e1a676e50>]}


============================== 04:23:11.406595 | c55fbb8c-072b-4565-89f5-7046ae1cede4 ==============================
[0m04:23:11.406595 [info ] [MainThread]: Running with dbt=1.8.6
[0m04:23:11.407179 [debug] [MainThread]: running dbt with arguments {'printer_width': '80', 'indirect_selection': 'eager', 'log_cache_events': 'False', 'write_json': 'True', 'partial_parse': 'True', 'cache_selected_only': 'False', 'profiles_dir': '/home/nrsmac/.dbt', 'debug': 'False', 'fail_fast': 'False', 'log_path': 'logs', 'warn_error': 'None', 'version_check': 'True', 'use_colors': 'True', 'use_experimental_parser': 'False', 'empty': 'False', 'quiet': 'False', 'no_print': 'None', 'log_format': 'default', 'introspect': 'True', 'invocation_command': 'dbt compile --select test_counts', 'warn_error_options': 'WarnErrorOptions(include=[], exclude=[])', 'target_path': 'None', 'static_parser': 'True', 'send_anonymous_usage_stats': 'True'}
[0m04:23:11.407724 [error] [MainThread]: Encountered an error:
Runtime Error
  No dbt_project.yml found at expected path /home/nrsmac/cannlytics/dbt_project.yml
  Verify that each entry within packages.yml (and their transitive dependencies) contains a file named dbt_project.yml
  
[0m04:23:11.408564 [debug] [MainThread]: Resource report: {"command_name": "compile", "command_wall_clock_time": 0.05114505, "process_user_time": 1.15245, "process_kernel_time": 0.116055, "process_mem_max_rss": "89992", "process_out_blocks": "16", "command_success": false, "process_in_blocks": "0"}
[0m04:23:11.409155 [debug] [MainThread]: Command `dbt compile` failed at 04:23:11.409036 after 0.05 seconds
[0m04:23:11.409556 [debug] [MainThread]: Sending event: {'category': 'dbt', 'action': 'invocation', 'label': 'end', 'context': [<snowplow_tracker.self_describing_json.SelfDescribingJson object at 0x7f5e1a6c1350>, <snowplow_tracker.self_describing_json.SelfDescribingJson object at 0x7f5e1e14e590>, <snowplow_tracker.self_describing_json.SelfDescribingJson object at 0x7f5e1e14e950>]}
[0m04:23:11.409976 [debug] [MainThread]: Flushing usage events
[0m16:22:40.687073 [debug] [MainThread]: Sending event: {'category': 'dbt', 'action': 'invocation', 'label': 'start', 'context': [<snowplow_tracker.self_describing_json.SelfDescribingJson object at 0x7fdfbc4fd050>, <snowplow_tracker.self_describing_json.SelfDescribingJson object at 0x7fdfbc507d90>, <snowplow_tracker.self_describing_json.SelfDescribingJson object at 0x7fdfbc859450>]}


============================== 16:22:40.689690 | 4805312d-88db-499d-bebb-f5859ec0c83e ==============================
[0m16:22:40.689690 [info ] [MainThread]: Running with dbt=1.8.6
[0m16:22:40.690317 [debug] [MainThread]: running dbt with arguments {'printer_width': '80', 'indirect_selection': 'eager', 'write_json': 'True', 'log_cache_events': 'False', 'partial_parse': 'True', 'cache_selected_only': 'False', 'profiles_dir': '/home/nrsmac/.dbt', 'debug': 'False', 'fail_fast': 'False', 'log_path': 'logs', 'version_check': 'True', 'warn_error': 'None', 'use_colors': 'True', 'use_experimental_parser': 'False', 'no_print': 'None', 'quiet': 'False', 'empty': 'False', 'log_format': 'default', 'static_parser': 'True', 'warn_error_options': 'WarnErrorOptions(include=[], exclude=[])', 'invocation_command': 'dbt run', 'target_path': 'None', 'introspect': 'True', 'send_anonymous_usage_stats': 'True'}
[0m16:22:40.690825 [error] [MainThread]: Encountered an error:
Runtime Error
  No dbt_project.yml found at expected path /home/nrsmac/cannlytics/dbt_project.yml
  Verify that each entry within packages.yml (and their transitive dependencies) contains a file named dbt_project.yml
  
[0m16:22:40.691687 [debug] [MainThread]: Resource report: {"command_name": "run", "command_wall_clock_time": 0.048892137, "process_user_time": 1.178468, "process_kernel_time": 0.088178, "process_mem_max_rss": "89792", "process_out_blocks": "8", "command_success": false, "process_in_blocks": "0"}
[0m16:22:40.692247 [debug] [MainThread]: Command `dbt run` failed at 16:22:40.692141 after 0.05 seconds
[0m16:22:40.692699 [debug] [MainThread]: Sending event: {'category': 'dbt', 'action': 'invocation', 'label': 'end', 'context': [<snowplow_tracker.self_describing_json.SelfDescribingJson object at 0x7fdfbc527550>, <snowplow_tracker.self_describing_json.SelfDescribingJson object at 0x7fdfbc58a350>, <snowplow_tracker.self_describing_json.SelfDescribingJson object at 0x7fdfbc4fdcd0>]}
[0m16:22:40.693127 [debug] [MainThread]: Flushing usage events
